<?xml version="1.0" encoding="UTF-8"?>
<testsuite xmlns:xsi="http://www.w3.org/2001/XMLSchema-instance" xsi:noNamespaceSchemaLocation="https://maven.apache.org/surefire/maven-surefire-plugin/xsd/surefire-test-report-3.0.xsd" version="3.0" name="com.vending.VendingTest" time="0.382" tests="4" errors="0" skipped="0" failures="0">
  <properties>
[...]
</properties>
  <testcase name="testInsertValidMoney" classname="com.vending.VendingTest" time="0.18"/>
  <testcase name="testPurchaseInsufficientFunds" classname="com.vending.VendingTest" time="0.009"/>
  <testcase name="testPurchaseSuccess" classname="com.vending.VendingTest" time="0.059"/>
  <testcase name="testInsertInvalidMoney" classname="com.vending.VendingTest" time="0.008"/>
</testsuite>